33 25-41176439 
23 25-44550556 
21 25-48900922 
21 25-42924472 
20 25-44423838 
19 25-44295012 
18 25-44340446 
18 25-43321843 
17 25-48522528 
16 25-46680674 
15 25-46766317 
15 25-45710456 
15 25-43918457 
14 25-500644075 
14 25-500168778 
14 25-42281592 
14 25-41371931 
13 25-46656229 
13 25-46608576 
13 25-41474750 
12 25-48519433 
12 25-47193560 
12 25-44774594 
12 25-42461525 
12 25-42386953 
12 25-41747429 
11 25-46471710 
11 25-45289295 
11 25-44928745 
11 25-44319408 
10 25-46940755 
10 25-46935714 
10 25-45238474 
10 25-42778563 
10 25-42778068 
9 25-500675699 
9 25-48551717 
9 25-47616313 
9 25-47434493 
9 25-45715042 
9 25-45127909 
9 25-44885309 
9 25-44805752 
9 25-43903434 
9 25-42925776 
9 25-41833088 
8 25-48634190 
8 25-47395140 
8 25-47297122 
8 25-46906723 
8 25-46550430 
8 25-46472445 
8 25-45016573 
8 25-44797389 
8 25-44451490 
8 25-43897859 
8 25-43804400 
8 25-42237362 
7 25-48588313 
7 25-48504971 
7 25-47665849 
7 25-47127923 
7 25-46684486 
7 25-46636890 
7 25-46559886 
7 25-46466140 
7 25-46428363 
7 25-45506151 
7 25-44803815 
7 25-44405652 
7 25-44334696 
7 25-43869684 
7 25-43774892 
7 25-43185800 
7 25-43046408 
6 25-48595557 
6 25-48460224 
6 25-48110399 
6 25-47984968 
6 25-47716261 
6 25-47600408 
6 25-47285622 
6 25-47232269 
6 25-47140728 
6 25-47078399 
6 25-46715777 
6 25-46643185 
6 25-46537957 
6 25-46378873 
6 25-45436789 
6 25-45335437 
6 25-44793594 
6 25-44762193 
6 25-44747434 
6 25-44709152 
6 25-44113868 
6 25-43865120 
6 25-43077254 
6 25-42928747 
5 25-48731848 
5 25-48650733 
5 25-48582944 
5 25-48282198 
5 25-48282016 
5 25-48226211 
5 25-48109516 
5 25-48103949 
5 25-47949326 
5 25-47622352 
5 25-46981494 
5 25-46962890 
5 25-46962155 
5 25-46943239 
5 25-46525911 
5 25-46514238 
5 25-46468484 
5 25-46437695 
5 25-45718939 
5 25-44929495 
5 25-43905637 
5 25-43431402 
5 25-43042308 
5 25-43041672 
5 25-42371112 
5 25-42346452 
5 25-42276659 
5 25-41894650 
5 25-41589508 
4 25-5202526 
4 25-500969555 
4 25-500956743 
4 25-500955349 
4 25-500903604 
4 25-48922645 
4 25-48921944 
4 25-48917801 
4 25-48899025 
4 25-48769327 
4 25-48396667 
4 25-48280655 
4 25-48266621 
4 25-48170476 
4 25-47985684 
4 25-47763982 
4 25-47690185 
4 25-47583448 
4 25-47397260 
4 25-47219456 
4 25-47140728 
4 25-47117270 
4 25-47107834 
4 25-46910063 
4 25-46835153 
4 25-46802302 
4 25-46792735 
4 25-46789020 
4 25-46725404 
4 25-46587457 
4 25-46512554 
4 25-46511986 
4 25-46438982 
4 25-46435996 
4 25-46339172 
4 25-46302337 
4 25-45740958 
4 25-45490190 
4 25-45227998 
4 25-44388775 
4 25-44388031 
4 25-44340446 
4 25-43921881 
4 25-43796317 
4 25-43428531 
4 25-43228956 
4 25-43186907 
4 25-42864116 
4 25-42788687 
4 25-42637744 
4 25-41893082 
4 25-41761743 
4 25-41589326 
4 25-41425836 
3 25-501021968 
3 25-500979810 
3 25-500853858 
3 25-500853841 
3 25-48769590 
3 25-48769418 
3 25-48495725 
3 25-48484588 
3 25-48475677 
3 25-48429542 
3 25-48341390 
3 25-48282354 
3 25-48282305 
3 25-48280929 
3 25-48115513 
3 25-47985254 
3 25-47984745 
3 25-47756390 
3 25-47714274 
3 25-47654140 
3 25-47486402 
3 25-47456199 
3 25-47289509 
3 25-47231501 
3 25-47206537 
3 25-47172721 
3 25-47172051 
3 25-46958161 
3 25-46957841 
3 25-46887907 
3 25-46560058 
3 25-46523270 
3 25-46510962 
3 25-45640687 
3 25-45636800 
3 25-45374907 
3 25-45220696 
3 25-45218518 
3 25-45045333 
3 25-44935559 
3 25-44929800 
3 25-44763563 
3 25-44253896 
3 25-43791821 
3 25-43277458 
3 25-43277292 
3 25-42271791 
3 25-41745308 
2 25-501335004 
2 25-501334916 
2 25-501312367 
2 25-501282479 
2 25-500995402 
2 25-500969589 
2 25-500963558 
2 25-500957246 
2 25-500956776 
2 25-500956024 
2 25-500955133 
2 25-500853692 
2 25-500853684 
2 25-500853676 
2 25-500710256 
2 25-500678099 
2 25-48519433 
2 25-48473664 
2 25-48473508 
2 25-48473292 
2 25-48470371 
2 25-48469894 
2 25-48469605 
2 25-48467443 
2 25-48432934 
2 25-48423818 
2 25-48334841 
2 25-48210041 
2 25-48146252 
2 25-48070478 
2 25-48050330 
2 25-48008981 
2 25-48008866 
2 25-47654843 
2 25-47653779 
2 25-47567490 
2 25-47253323 
2 25-47253174 
2 25-46808820 
2 25-46808663 
2 25-46808465 
2 25-46798021 
2 25-46797221 
2 25-46769311 
2 25-46657870 
2 25-46612354 
2 25-46552543 
2 25-46540787 
2 25-46507208 
2 25-46450979 
2 25-46361465 
2 25-46273652 
2 25-46129607 
2 25-46015947 
2 25-45640497 
2 25-45635992 
2 25-45289295 
2 25-45241536 
2 25-45227105 
2 25-45031044 
2 25-44488757 
2 25-44254217 
2 25-43866706 
2 25-43464213 
2 25-43258151 
2 25-42370619 
2 25-41476631 
2 25-41373226 
